<?xml version="1.0" encoding="UTF-8"?>
<testsuite xmlns:xsi="http://www.w3.org/2001/XMLSchema-instance" xsi:noNamespaceSchemaLocation="https://maven.apache.org/surefire/maven-surefire-plugin/xsd/surefire-test-report-3.0.xsd" version="3.0" name="com.cognizant.junitadvanced.EvenCheckerTest" time="0.045" tests="10" errors="0" skipped="0" failures="0">
  <properties>
[...]
</properties>
  <testcase name="testOddNumbers(int)[1]" classname="com.cognizant.junitadvanced.EvenCheckerTest" time="0.056"/>
  <testcase name="testOddNumbers(int)[1]" classname="com.cognizant.junitadvanced.EvenCheckerTest" time="0.001"/>
  <testcase name="testOddNumbers(int)[2]" classname="com.cognizant.junitadvanced.EvenCheckerTest" time="0.002"/>
  <testcase name="testOddNumbers(int)[2]" classname="com.cognizant.junitadvanced.EvenCheckerTest" time="0.002"/>
  <testcase name="testOddNumbers(int)[3]" classname="com.cognizant.junitadvanced.EvenCheckerTest" time="0.002"/>
  <testcase name="testOddNumbers(int)[3]" classname="com.cognizant.junitadvanced.EvenCheckerTest" time="0.002"/>
  <testcase name="testOddNumbers(int)[4]" classname="com.cognizant.junitadvanced.EvenCheckerTest" time="0.001"/>
  <testcase name="testOddNumbers(int)[4]" classname="com.cognizant.junitadvanced.EvenCheckerTest" time="0.003"/>
  <testcase name="testOddNumbers(int)[5]" classname="com.cognizant.junitadvanced.EvenCheckerTest" time="0.002"/>
  <testcase name="testOddNumbers(int)[5]" classname="com.cognizant.junitadvanced.EvenCheckerTest" time="0.002"/>
  <testcase name="testEvenNumbers(int)[1]" classname="com.cognizant.junitadvanced.EvenCheckerTest" time="0.002"/>
  <testcase name="testEvenNumbers(int)[1]" classname="com.cognizant.junitadvanced.EvenCheckerTest" time="0.003"/>
  <testcase name="testEvenNumbers(int)[2]" classname="com.cognizant.junitadvanced.EvenCheckerTest" time="0.002"/>
  <testcase name="testEvenNumbers(int)[2]" classname="com.cognizant.junitadvanced.EvenCheckerTest" time="0.001"/>
  <testcase name="testEvenNumbers(int)[3]" classname="com.cognizant.junitadvanced.EvenCheckerTest" time="0.001"/>
  <testcase name="testEvenNumbers(int)[3]" classname="com.cognizant.junitadvanced.EvenCheckerTest" time="0.002"/>
  <testcase name="testEvenNumbers(int)[4]" classname="com.cognizant.junitadvanced.EvenCheckerTest" time="0.0"/>
  <testcase name="testEvenNumbers(int)[4]" classname="com.cognizant.junitadvanced.EvenCheckerTest" time="0.001"/>
  <testcase name="testEvenNumbers(int)[5]" classname="com.cognizant.junitadvanced.EvenCheckerTest" time="0.002"/>
  <testcase name="testEvenNumbers(int)[5]" classname="com.cognizant.junitadvanced.EvenCheckerTest" time="0.002"/>
</testsuite>